<?xml version="1.0" ?>
<coverage branch-rate="0" line-rate="0.8827" timestamp="1483557858122" version="4.2">
	<!-- Generated by coverage.py: https://coverage.readthedocs.io -->
	<!-- Based on https://raw.githubusercontent.com/cobertura/web/f0366e5e2cf18f111cbd61fc34ef720a6584ba02/htdocs/xml/coverage-03.dtd -->
	<sources>
		<source>C:\Users\Sepkjaer\Desktop\qpage_test</source>
	</sources>
	<packages>
		<package branch-rate="0" complexity="0" line-rate="0.8827" name=".">
			<classes>
				<class branch-rate="0" complexity="0" filename="params.py" line-rate="1" name="params.py">
					<methods/>
					<lines>
						<line hits="1" number="1"/>
						<line hits="1" number="2"/>
						<line hits="1" number="4"/>
						<line hits="1" number="5"/>
						<line hits="1" number="6"/>
						<line hits="1" number="7"/>
						<line hits="1" number="8"/>
						<line hits="1" number="9"/>
						<line hits="1" number="10"/>
						<line hits="1" number="11"/>
						<line hits="1" number="16"/>
						<line hits="1" number="17"/>
						<line hits="1" number="18"/>
						<line hits="1" number="19"/>
						<line hits="1" number="20"/>
						<line hits="1" number="22"/>
						<line hits="1" number="23"/>
						<line hits="1" number="24"/>
						<line hits="1" number="25"/>
						<line hits="1" number="26"/>
						<line hits="1" number="27"/>
						<line hits="1" number="28"/>
						<line hits="1" number="30"/>
						<line hits="1" number="31"/>
						<line hits="1" number="32"/>
						<line hits="1" number="33"/>
						<line hits="1" number="35"/>
						<line hits="1" number="36"/>
						<line hits="1" number="37"/>
						<line hits="1" number="38"/>
						<line hits="1" number="48"/>
						<line hits="1" number="53"/>
						<line hits="1" number="65"/>
						<line hits="1" number="66"/>
						<line hits="1" number="67"/>
					</lines>
				</class>
				<class branch-rate="0" complexity="0" filename="qpage.py" line-rate="0.8726" name="qpage.py">
					<methods/>
					<lines>
						<line hits="1" number="1"/>
						<line hits="1" number="2"/>
						<line hits="1" number="3"/>
						<line hits="1" number="4"/>
						<line hits="1" number="5"/>
						<line hits="1" number="6"/>
						<line hits="1" number="7"/>
						<line hits="1" number="8"/>
						<line hits="1" number="9"/>
						<line hits="1" number="10"/>
						<line hits="1" number="11"/>
						<line hits="1" number="13"/>
						<line hits="1" number="16"/>
						<line hits="1" number="21"/>
						<line hits="1" number="22"/>
						<line hits="1" number="23"/>
						<line hits="1" number="24"/>
						<line hits="1" number="27"/>
						<line hits="1" number="31"/>
						<line hits="1" number="32"/>
						<line hits="1" number="33"/>
						<line hits="1" number="34"/>
						<line hits="1" number="35"/>
						<line hits="1" number="36"/>
						<line hits="1" number="37"/>
						<line hits="1" number="38"/>
						<line hits="1" number="41"/>
						<line hits="1" number="46"/>
						<line hits="1" number="47"/>
						<line hits="1" number="48"/>
						<line hits="1" number="51"/>
						<line hits="1" number="55"/>
						<line hits="1" number="56"/>
						<line hits="1" number="59"/>
						<line hits="1" number="63"/>
						<line hits="1" number="66"/>
						<line hits="1" number="72"/>
						<line hits="1" number="73"/>
						<line hits="1" number="75"/>
						<line hits="1" number="78"/>
						<line hits="1" number="83"/>
						<line hits="1" number="84"/>
						<line hits="1" number="85"/>
						<line hits="0" number="86"/>
						<line hits="0" number="87"/>
						<line hits="1" number="90"/>
						<line hits="1" number="91"/>
						<line hits="1" number="92"/>
						<line hits="0" number="94"/>
						<line hits="0" number="95"/>
						<line hits="1" number="96"/>
						<line hits="1" number="97"/>
						<line hits="1" number="98"/>
						<line hits="1" number="99"/>
						<line hits="0" number="101"/>
						<line hits="1" number="104"/>
						<line hits="1" number="109"/>
						<line hits="1" number="110"/>
						<line hits="1" number="111"/>
						<line hits="1" number="112"/>
						<line hits="1" number="113"/>
						<line hits="1" number="114"/>
						<line hits="1" number="115"/>
						<line hits="1" number="116"/>
						<line hits="1" number="117"/>
						<line hits="1" number="118"/>
						<line hits="1" number="121"/>
						<line hits="0" number="125"/>
						<line hits="0" number="126"/>
						<line hits="0" number="128"/>
						<line hits="1" number="131"/>
						<line hits="1" number="137"/>
						<line hits="1" number="138"/>
						<line hits="0" number="139"/>
						<line hits="1" number="140"/>
						<line hits="1" number="141"/>
						<line hits="1" number="142"/>
						<line hits="1" number="143"/>
						<line hits="0" number="144"/>
						<line hits="0" number="145"/>
						<line hits="1" number="148"/>
						<line hits="1" number="153"/>
						<line hits="1" number="154"/>
						<line hits="1" number="155"/>
						<line hits="1" number="156"/>
						<line hits="1" number="157"/>
						<line hits="1" number="158"/>
						<line hits="1" number="160"/>
						<line hits="1" number="161"/>
						<line hits="0" number="163"/>
						<line hits="0" number="164"/>
						<line hits="0" number="165"/>
						<line hits="0" number="166"/>
						<line hits="0" number="167"/>
						<line hits="1" number="170"/>
						<line hits="1" number="176"/>
						<line hits="1" number="177"/>
						<line hits="1" number="178"/>
						<line hits="1" number="180"/>
						<line hits="1" number="181"/>
						<line hits="1" number="182"/>
						<line hits="1" number="185"/>
						<line hits="1" number="191"/>
						<line hits="1" number="192"/>
						<line hits="1" number="193"/>
						<line hits="1" number="194"/>
						<line hits="1" number="197"/>
						<line hits="1" number="203"/>
						<line hits="1" number="204"/>
						<line hits="1" number="207"/>
						<line hits="1" number="211"/>
						<line hits="1" number="212"/>
						<line hits="1" number="213"/>
						<line hits="1" number="216"/>
						<line hits="1" number="220"/>
						<line hits="1" number="221"/>
						<line hits="1" number="222"/>
						<line hits="1" number="223"/>
						<line hits="1" number="224"/>
						<line hits="1" number="225"/>
						<line hits="1" number="226"/>
						<line hits="1" number="227"/>
						<line hits="1" number="228"/>
						<line hits="0" number="229"/>
						<line hits="1" number="231"/>
						<line hits="1" number="232"/>
						<line hits="1" number="233"/>
						<line hits="1" number="236"/>
						<line hits="1" number="240"/>
						<line hits="1" number="241"/>
						<line hits="1" number="242"/>
						<line hits="1" number="243"/>
						<line hits="1" number="246"/>
						<line hits="1" number="250"/>
						<line hits="1" number="251"/>
						<line hits="1" number="252"/>
						<line hits="1" number="253"/>
						<line hits="1" number="255"/>
						<line hits="1" number="257"/>
						<line hits="1" number="259"/>
						<line hits="1" number="260"/>
						<line hits="1" number="261"/>
						<line hits="1" number="262"/>
						<line hits="1" number="265"/>
						<line hits="1" number="269"/>
						<line hits="1" number="270"/>
						<line hits="1" number="271"/>
						<line hits="1" number="272"/>
						<line hits="1" number="273"/>
						<line hits="1" number="276"/>
						<line hits="1" number="282"/>
						<line hits="1" number="283"/>
						<line hits="1" number="284"/>
						<line hits="1" number="285"/>
						<line hits="1" number="286"/>
						<line hits="1" number="287"/>
						<line hits="1" number="288"/>
						<line hits="1" number="289"/>
						<line hits="1" number="292"/>
						<line hits="1" number="298"/>
						<line hits="1" number="299"/>
						<line hits="1" number="300"/>
						<line hits="1" number="301"/>
						<line hits="1" number="302"/>
						<line hits="1" number="303"/>
						<line hits="1" number="305"/>
						<line hits="1" number="306"/>
						<line hits="1" number="307"/>
						<line hits="1" number="308"/>
						<line hits="1" number="310"/>
						<line hits="1" number="311"/>
						<line hits="1" number="313"/>
						<line hits="1" number="314"/>
						<line hits="1" number="315"/>
						<line hits="1" number="318"/>
						<line hits="1" number="323"/>
						<line hits="1" number="324"/>
						<line hits="1" number="325"/>
						<line hits="1" number="326"/>
						<line hits="1" number="327"/>
						<line hits="1" number="330"/>
						<line hits="1" number="334"/>
						<line hits="1" number="335"/>
						<line hits="1" number="336"/>
						<line hits="1" number="339"/>
						<line hits="1" number="348"/>
						<line hits="1" number="349"/>
						<line hits="1" number="350"/>
						<line hits="1" number="351"/>
						<line hits="1" number="352"/>
						<line hits="0" number="353"/>
						<line hits="0" number="354"/>
						<line hits="0" number="355"/>
						<line hits="1" number="356"/>
						<line hits="0" number="357"/>
						<line hits="0" number="358"/>
						<line hits="0" number="359"/>
						<line hits="1" number="360"/>
						<line hits="0" number="361"/>
						<line hits="1" number="362"/>
						<line hits="0" number="363"/>
						<line hits="0" number="364"/>
						<line hits="1" number="365"/>
						<line hits="0" number="366"/>
						<line hits="0" number="367"/>
						<line hits="0" number="368"/>
						<line hits="1" number="369"/>
						<line hits="1" number="372"/>
						<line hits="1" number="385"/>
						<line hits="1" number="386"/>
						<line hits="1" number="387"/>
						<line hits="1" number="388"/>
						<line hits="1" number="390"/>
						<line hits="1" number="391"/>
						<line hits="1" number="392"/>
						<line hits="1" number="393"/>
						<line hits="1" number="394"/>
						<line hits="1" number="395"/>
						<line hits="1" number="396"/>
						<line hits="0" number="397"/>
						<line hits="1" number="400"/>
						<line hits="1" number="409"/>
						<line hits="1" number="410"/>
						<line hits="1" number="411"/>
						<line hits="1" number="412"/>
						<line hits="1" number="413"/>
						<line hits="1" number="414"/>
						<line hits="1" number="415"/>
						<line hits="1" number="416"/>
						<line hits="1" number="417"/>
						<line hits="0" number="418"/>
						<line hits="1" number="421"/>
						<line hits="1" number="434"/>
						<line hits="1" number="435"/>
						<line hits="1" number="436"/>
						<line hits="1" number="437"/>
						<line hits="1" number="438"/>
						<line hits="1" number="439"/>
						<line hits="0" number="440"/>
						<line hits="1" number="443"/>
						<line hits="1" number="449"/>
						<line hits="1" number="450"/>
						<line hits="1" number="453"/>
						<line hits="1" number="454"/>
						<line hits="1" number="457"/>
						<line hits="1" number="462"/>
						<line hits="1" number="463"/>
						<line hits="1" number="464"/>
						<line hits="1" number="465"/>
						<line hits="1" number="466"/>
						<line hits="1" number="467"/>
						<line hits="1" number="468"/>
						<line hits="1" number="469"/>
						<line hits="1" number="471"/>
						<line hits="1" number="472"/>
						<line hits="1" number="473"/>
						<line hits="1" number="474"/>
						<line hits="1" number="477"/>
						<line hits="1" number="482"/>
						<line hits="1" number="483"/>
						<line hits="1" number="484"/>
						<line hits="1" number="485"/>
						<line hits="1" number="486"/>
						<line hits="1" number="488"/>
						<line hits="1" number="489"/>
						<line hits="1" number="490"/>
						<line hits="1" number="491"/>
						<line hits="1" number="494"/>
						<line hits="1" number="500"/>
						<line hits="1" number="501"/>
						<line hits="1" number="502"/>
						<line hits="1" number="503"/>
						<line hits="1" number="505"/>
						<line hits="1" number="506"/>
						<line hits="1" number="507"/>
						<line hits="1" number="508"/>
						<line hits="1" number="510"/>
						<line hits="1" number="511"/>
						<line hits="1" number="512"/>
						<line hits="1" number="515"/>
						<line hits="1" number="521"/>
						<line hits="1" number="522"/>
						<line hits="1" number="523"/>
						<line hits="1" number="524"/>
						<line hits="0" number="526"/>
						<line hits="1" number="529"/>
						<line hits="1" number="533"/>
						<line hits="1" number="534"/>
						<line hits="1" number="535"/>
						<line hits="1" number="538"/>
						<line hits="1" number="543"/>
						<line hits="1" number="544"/>
						<line hits="1" number="545"/>
						<line hits="1" number="546"/>
						<line hits="0" number="547"/>
						<line hits="1" number="548"/>
						<line hits="1" number="549"/>
						<line hits="0" number="550"/>
						<line hits="1" number="551"/>
						<line hits="1" number="554"/>
						<line hits="1" number="559"/>
						<line hits="1" number="560"/>
						<line hits="1" number="561"/>
						<line hits="1" number="562"/>
						<line hits="1" number="563"/>
						<line hits="1" number="564"/>
						<line hits="1" number="567"/>
						<line hits="1" number="573"/>
						<line hits="1" number="574"/>
						<line hits="1" number="575"/>
						<line hits="1" number="576"/>
						<line hits="1" number="577"/>
						<line hits="1" number="578"/>
						<line hits="1" number="580"/>
						<line hits="1" number="581"/>
						<line hits="1" number="582"/>
						<line hits="1" number="585"/>
						<line hits="1" number="593"/>
						<line hits="1" number="594"/>
						<line hits="1" number="595"/>
						<line hits="1" number="596"/>
						<line hits="1" number="598"/>
						<line hits="1" number="599"/>
						<line hits="1" number="604"/>
						<line hits="1" number="605"/>
						<line hits="1" number="606"/>
						<line hits="1" number="607"/>
						<line hits="1" number="608"/>
						<line hits="1" number="609"/>
						<line hits="0" number="611"/>
						<line hits="1" number="612"/>
						<line hits="0" number="614"/>
						<line hits="1" number="615"/>
						<line hits="1" number="618"/>
						<line hits="1" number="620"/>
						<line hits="1" number="621"/>
						<line hits="1" number="622"/>
						<line hits="1" number="623"/>
						<line hits="1" number="625"/>
						<line hits="1" number="626"/>
						<line hits="1" number="628"/>
						<line hits="1" number="638"/>
						<line hits="1" number="639"/>
						<line hits="1" number="640"/>
						<line hits="1" number="643"/>
						<line hits="1" number="647"/>
						<line hits="1" number="650"/>
						<line hits="1" number="652"/>
						<line hits="1" number="653"/>
						<line hits="1" number="654"/>
						<line hits="1" number="656"/>
						<line hits="1" number="657"/>
						<line hits="0" number="658"/>
						<line hits="1" number="660"/>
						<line hits="1" number="661"/>
						<line hits="0" number="662"/>
						<line hits="1" number="665"/>
						<line hits="1" number="666"/>
						<line hits="0" number="668"/>
						<line hits="1" number="669"/>
						<line hits="1" number="670"/>
						<line hits="0" number="673"/>
						<line hits="1" number="674"/>
						<line hits="1" number="677"/>
						<line hits="1" number="679"/>
						<line hits="1" number="680"/>
						<line hits="1" number="681"/>
						<line hits="1" number="682"/>
						<line hits="1" number="683"/>
						<line hits="1" number="684"/>
						<line hits="1" number="685"/>
						<line hits="1" number="686"/>
						<line hits="0" number="687"/>
						<line hits="0" number="688"/>
						<line hits="1" number="691"/>
						<line hits="1" number="693"/>
						<line hits="1" number="694"/>
						<line hits="1" number="695"/>
						<line hits="1" number="696"/>
						<line hits="1" number="699"/>
						<line hits="1" number="708"/>
						<line hits="1" number="709"/>
						<line hits="1" number="710"/>
						<line hits="1" number="711"/>
						<line hits="0" number="712"/>
						<line hits="0" number="713"/>
						<line hits="0" number="714"/>
						<line hits="1" number="717"/>
						<line hits="1" number="720"/>
						<line hits="1" number="722"/>
						<line hits="1" number="723"/>
						<line hits="1" number="724"/>
						<line hits="1" number="727"/>
						<line hits="1" number="730"/>
						<line hits="1" number="733"/>
						<line hits="1" number="734"/>
						<line hits="1" number="735"/>
						<line hits="1" number="736"/>
						<line hits="1" number="737"/>
						<line hits="1" number="738"/>
						<line hits="0" number="739"/>
						<line hits="0" number="740"/>
						<line hits="0" number="741"/>
						<line hits="0" number="743"/>
						<line hits="1" number="746"/>
						<line hits="0" number="749"/>
						<line hits="0" number="750"/>
						<line hits="1" number="753"/>
						<line hits="1" number="758"/>
						<line hits="1" number="759"/>
						<line hits="1" number="760"/>
						<line hits="0" number="761"/>
						<line hits="1" number="764"/>
						<line hits="1" number="770"/>
						<line hits="1" number="771"/>
						<line hits="1" number="772"/>
					</lines>
				</class>
				<class branch-rate="0" complexity="0" filename="setup.py" line-rate="0.8837" name="setup.py">
					<methods/>
					<lines>
						<line hits="1" number="1"/>
						<line hits="1" number="2"/>
						<line hits="1" number="3"/>
						<line hits="1" number="6"/>
						<line hits="1" number="7"/>
						<line hits="1" number="8"/>
						<line hits="1" number="9"/>
						<line hits="1" number="10"/>
						<line hits="1" number="11"/>
						<line hits="1" number="12"/>
						<line hits="1" number="13"/>
						<line hits="1" number="14"/>
						<line hits="1" number="15"/>
						<line hits="1" number="16"/>
						<line hits="1" number="17"/>
						<line hits="1" number="18"/>
						<line hits="1" number="21"/>
						<line hits="1" number="22"/>
						<line hits="1" number="23"/>
						<line hits="1" number="24"/>
						<line hits="1" number="25"/>
						<line hits="1" number="26"/>
						<line hits="1" number="27"/>
						<line hits="1" number="28"/>
						<line hits="1" number="29"/>
						<line hits="1" number="30"/>
						<line hits="1" number="31"/>
						<line hits="1" number="34"/>
						<line hits="1" number="35"/>
						<line hits="1" number="36"/>
						<line hits="1" number="37"/>
						<line hits="1" number="38"/>
						<line hits="1" number="39"/>
						<line hits="1" number="40"/>
						<line hits="1" number="41"/>
						<line hits="1" number="42"/>
						<line hits="1" number="43"/>
						<line hits="1" number="44"/>
						<line hits="1" number="45"/>
						<line hits="1" number="46"/>
						<line hits="1" number="47"/>
						<line hits="1" number="48"/>
						<line hits="1" number="49"/>
						<line hits="1" number="50"/>
						<line hits="1" number="53"/>
						<line hits="1" number="54"/>
						<line hits="1" number="55"/>
						<line hits="1" number="58"/>
						<line hits="1" number="59"/>
						<line hits="1" number="60"/>
						<line hits="1" number="63"/>
						<line hits="1" number="64"/>
						<line hits="1" number="66"/>
						<line hits="1" number="67"/>
						<line hits="1" number="68"/>
						<line hits="1" number="71"/>
						<line hits="1" number="72"/>
						<line hits="1" number="73"/>
						<line hits="1" number="74"/>
						<line hits="1" number="75"/>
						<line hits="1" number="76"/>
						<line hits="1" number="77"/>
						<line hits="1" number="78"/>
						<line hits="1" number="79"/>
						<line hits="1" number="80"/>
						<line hits="1" number="81"/>
						<line hits="1" number="82"/>
						<line hits="1" number="83"/>
						<line hits="1" number="84"/>
						<line hits="1" number="85"/>
						<line hits="1" number="86"/>
						<line hits="1" number="87"/>
						<line hits="1" number="88"/>
						<line hits="0" number="89"/>
						<line hits="0" number="90"/>
						<line hits="0" number="91"/>
						<line hits="0" number="92"/>
						<line hits="0" number="93"/>
						<line hits="1" number="94"/>
						<line hits="0" number="95"/>
						<line hits="0" number="96"/>
						<line hits="0" number="97"/>
						<line hits="0" number="98"/>
						<line hits="0" number="99"/>
						<line hits="1" number="102"/>
						<line hits="1" number="103"/>
					</lines>
				</class>
			</classes>
		</package>
	</packages>
</coverage>
